{"numFailedTestSuites":0,"numFailedTests":0,"numPassedTestSuites":7,"numPassedTests":14,"numPendingTestSuites":0,"numPendingTests":0,"numRuntimeErrorTestSuites":0,"numTodoTests":0,"numTotalTestSuites":7,"numTotalTests":14,"openHandles":[],"snapshot":{"added":0,"didUpdate":false,"failure":false,"filesAdded":0,"filesRemoved":0,"filesUnmatched":0,"filesUpdated":0,"matched":0,"total":0,"unchecked":0,"uncheckedKeysByFile":[],"unmatched":0,"updated":0},"startTime":1563203972652,"success":true,"testResults":[{"failureMessage":null,"numFailingTests":0,"numPassingTests":2,"numPendingTests":0,"numTodoTests":0,"perfStats":{"end":1563203975864,"start":1563203975600},"snapshot":{"added":0,"fileDeleted":false,"matched":0,"unchecked":0,"unmatched":0,"updated":0,"uncheckedKeys":[]},"testFilePath":"/Users/danny/code/elevation/qa-tests/mobx1-lesson-exercises-ex-danbrud/.hg/exercises/ex-1.test.js","testResults":[{"ancestorTitles":["exercise1"],"duration":6,"failureMessages":[],"fullName":"exercise1 store should have an addItem function that adds a new Item to the stores list property","location":null,"numPassingAsserts":0,"status":"passed","title":"store should have an addItem function that adds a new Item to the stores list property"},{"ancestorTitles":["exercise1"],"duration":5,"failureMessages":[],"fullName":"exercise1 addItem function should be a MobX action","location":null,"numPassingAsserts":0,"status":"passed","title":"addItem function should be a MobX action"}],"skipped":false,"leaks":false},{"failureMessage":null,"numFailingTests":0,"numPassingTests":2,"numPendingTests":0,"numTodoTests":0,"perfStats":{"end":1563203975838,"start":1563203975523},"snapshot":{"added":0,"fileDeleted":false,"matched":0,"unchecked":0,"unmatched":0,"updated":0,"uncheckedKeys":[]},"testFilePath":"/Users/danny/code/elevation/qa-tests/mobx1-lesson-exercises-ex-danbrud/.hg/exercises/ex-2.test.js","testResults":[{"ancestorTitles":["exercise 2"],"duration":11,"failureMessages":[],"fullName":"exercise 2 Each item should have a location property","location":null,"numPassingAsserts":0,"status":"passed","title":"Each item should have a location property"},{"ancestorTitles":["exercise 2"],"duration":51,"failureMessages":[],"fullName":"exercise 2 the location should be rendered next to each item","location":null,"numPassingAsserts":0,"status":"passed","title":"the location should be rendered next to each item"}],"skipped":false,"leaks":false},{"failureMessage":null,"numFailingTests":0,"numPassingTests":3,"numPendingTests":0,"numTodoTests":0,"perfStats":{"end":1563203975595,"start":1563203973632},"snapshot":{"added":0,"fileDeleted":false,"matched":0,"unchecked":0,"unmatched":0,"updated":0,"uncheckedKeys":[]},"testFilePath":"/Users/danny/code/elevation/qa-tests/mobx1-lesson-exercises-ex-danbrud/.hg/exercises/ex-3.test.js","testResults":[{"ancestorTitles":["exercise 3"],"duration":10,"failureMessages":[],"fullName":"exercise 3 The store should have an editItem function that edits the location of a given item","location":null,"numPassingAsserts":0,"status":"passed","title":"The store should have an editItem function that edits the location of a given item"},{"ancestorTitles":["exercise 3"],"duration":2,"failureMessages":[],"fullName":"exercise 3 editItem function should be a MobX action","location":null,"numPassingAsserts":0,"status":"passed","title":"editItem function should be a MobX action"},{"ancestorTitles":["exercise 3"],"duration":84,"failureMessages":[],"fullName":"exercise 3 The edit button should be rendered per each list item and work on click","location":null,"numPassingAsserts":0,"status":"passed","title":"The edit button should be rendered per each list item and work on click"}],"skipped":false,"leaks":false},{"failureMessage":null,"numFailingTests":0,"numPassingTests":3,"numPendingTests":0,"numTodoTests":0,"perfStats":{"end":1563203975589,"start":1563203973623},"snapshot":{"added":0,"fileDeleted":false,"matched":0,"unchecked":0,"unmatched":0,"updated":0,"uncheckedKeys":[]},"testFilePath":"/Users/danny/code/elevation/qa-tests/mobx1-lesson-exercises-ex-danbrud/.hg/exercises/ex-4.test.js","testResults":[{"ancestorTitles":["exercise 4"],"duration":8,"failureMessages":[],"fullName":"exercise 4 The store should have a deleteItem function that deletes an item from the list","location":null,"numPassingAsserts":0,"status":"passed","title":"The store should have a deleteItem function that deletes an item from the list"},{"ancestorTitles":["exercise 4"],"duration":2,"failureMessages":[],"fullName":"exercise 4 deleteItem function should be a MobX action","location":null,"numPassingAsserts":0,"status":"passed","title":"deleteItem function should be a MobX action"},{"ancestorTitles":["exercise 4"],"duration":110,"failureMessages":[],"fullName":"exercise 4 delete button should be rendered per each list item and work on click","location":null,"numPassingAsserts":0,"status":"passed","title":"delete button should be rendered per each list item and work on click"}],"skipped":false,"leaks":false},{"failureMessage":null,"numFailingTests":0,"numPassingTests":1,"numPendingTests":0,"numTodoTests":0,"perfStats":{"end":1563203975995,"start":1563203975846},"snapshot":{"added":0,"fileDeleted":false,"matched":0,"unchecked":0,"unmatched":0,"updated":0,"uncheckedKeys":[]},"testFilePath":"/Users/danny/code/elevation/qa-tests/mobx1-lesson-exercises-ex-danbrud/.hg/spot-check-1/ex-1.test.js","testResults":[{"ancestorTitles":["spotcheck1"],"duration":3,"failureMessages":[],"fullName":"spotcheck1 groceryList class store should have an observable property \"list\"","location":null,"numPassingAsserts":0,"status":"passed","title":"groceryList class store should have an observable property \"list\""}],"skipped":false,"leaks":false},{"failureMessage":null,"numFailingTests":0,"numPassingTests":2,"numPendingTests":0,"numTodoTests":0,"perfStats":{"end":1563203975879,"start":1563203975611},"snapshot":{"added":0,"fileDeleted":false,"matched":0,"unchecked":0,"unmatched":0,"updated":0,"uncheckedKeys":[]},"testFilePath":"/Users/danny/code/elevation/qa-tests/mobx1-lesson-exercises-ex-danbrud/.hg/spot-check-2/ex-1.test.js","testResults":[{"ancestorTitles":["spotcheck2"],"duration":4,"failureMessages":[],"fullName":"spotcheck2 Application should render without crashing","location":null,"numPassingAsserts":0,"status":"passed","title":"Application should render without crashing"},{"ancestorTitles":["spotcheck2"],"duration":10,"failureMessages":[],"fullName":"spotcheck2 App is reading the mobx store list property","location":null,"numPassingAsserts":0,"status":"passed","title":"App is reading the mobx store list property"}],"skipped":false,"leaks":false},{"failureMessage":null,"numFailingTests":0,"numPassingTests":1,"numPendingTests":0,"numTodoTests":0,"perfStats":{"end":1563203975495,"start":1563203973623},"snapshot":{"added":0,"fileDeleted":false,"matched":0,"unchecked":0,"unmatched":0,"updated":0,"uncheckedKeys":[]},"testFilePath":"/Users/danny/code/elevation/qa-tests/mobx1-lesson-exercises-ex-danbrud/.hg/spot-check-3/ex-1.test.js","testResults":[{"ancestorTitles":["spotcheck3"],"duration":42,"failureMessages":[],"fullName":"spotcheck3 Application should render without crashing","location":null,"numPassingAsserts":0,"status":"passed","title":"Application should render without crashing"}],"skipped":false,"leaks":false}],"wasInterrupted":false}